<?xml version="1.0" encoding="UTF-8"?>
<testng-results ignored="0" total="1" passed="1" failed="0" skipped="0">
  <reporter-output>
  </reporter-output>
  <suite started-at="2021-10-06T20:52:25 IST" name="Default suite" finished-at="2021-10-06T20:52:49 IST" duration-ms="24342">
    <groups>
    </groups>
    <test started-at="2021-10-06T20:52:25 IST" name="Default test" finished-at="2021-10-06T20:52:49 IST" duration-ms="24342">
      <class name="apiTestCases.AddPlace">
        <test-method signature="setAPIEnvironment()[pri:0, instance:apiTestCases.AddPlace@d29f28]" started-at="2021-10-06T20:52:25 IST" name="setAPIEnvironment" finished-at="2021-10-06T20:52:49 IST" duration-ms="24270" status="PASS">
          <reporter-output>
          </reporter-output>
        </test-method> <!-- setAPIEnvironment -->
      </class> <!-- apiTestCases.AddPlace -->
    </test> <!-- Default test -->
  </suite> <!-- Default suite -->
</testng-results>
