<?xml version="1.0" encoding="UTF-8"?>
<testng-results ignored="0" total="1" passed="1" failed="0" skipped="0">
  <reporter-output>
  </reporter-output>
  <suite started-at="2021-10-07T09:24:08 IST" name="Default suite" finished-at="2021-10-07T09:24:17 IST" duration-ms="9259">
    <groups>
    </groups>
    <test started-at="2021-10-07T09:24:08 IST" name="Default test" finished-at="2021-10-07T09:24:17 IST" duration-ms="9259">
      <class name="apiTestCases.AddPlace2">
        <test-method signature="setAPIEnvironment()[pri:0, instance:apiTestCases.AddPlace2@10163d6]" started-at="2021-10-07T09:24:08 IST" name="setAPIEnvironment" finished-at="2021-10-07T09:24:17 IST" duration-ms="9173" status="PASS">
          <reporter-output>
          </reporter-output>
        </test-method> <!-- setAPIEnvironment -->
      </class> <!-- apiTestCases.AddPlace2 -->
    </test> <!-- Default test -->
  </suite> <!-- Default suite -->
</testng-results>
